\BOOKMARK [1][-]{section.1}{Symmetric-Key Encryption: CPA Security}{}% 1
\BOOKMARK [1][-]{section.2}{Symmetric-Key Encryption: CPA\044-To-CPA Security}{}% 2
\BOOKMARK [1][-]{section.3}{Symmetric-Key Encryption: Authenticated-To-Secure Channel}{}% 3
\BOOKMARK [2][-]{subsection.3.1}{The Assumptions}{section.3}% 4
\BOOKMARK [2][-]{subsection.3.2}{The Ideal Functionality}{section.3}% 5
\BOOKMARK [2][-]{subsection.3.3}{The Real Protocol}{section.3}% 6
\BOOKMARK [2][-]{subsection.3.4}{The Simulator}{section.3}% 7
\BOOKMARK [2][-]{subsection.3.5}{Real Approximates Ideal + Simulator}{section.3}% 8
\BOOKMARK [1][-]{section.4}{Diffie-Hellman Key Exchange \(DHKE\)}{}% 9
\BOOKMARK [2][-]{subsection.4.1}{The Assumptions}{section.4}% 10
\BOOKMARK [2][-]{subsection.4.2}{The Ideal Functionality}{section.4}% 11
\BOOKMARK [2][-]{subsection.4.3}{The Real Protocol}{section.4}% 12
\BOOKMARK [2][-]{subsection.4.4}{The Simulator}{section.4}% 13
\BOOKMARK [2][-]{subsection.4.5}{Real Approximates Ideal + Simulator}{section.4}% 14
\BOOKMARK [1][-]{section.5}{Diffie-Hellman Key Exchange \(DHKE\) + One-Time Pad \(OTP\)}{}% 15
\BOOKMARK [2][-]{subsection.5.1}{The Assumptions}{section.5}% 16
\BOOKMARK [2][-]{subsection.5.2}{The Ideal Functionality}{section.5}% 17
\BOOKMARK [2][-]{subsection.5.3}{The Real Protocol}{section.5}% 18
\BOOKMARK [2][-]{subsection.5.4}{The Simulator}{section.5}% 19
\BOOKMARK [2][-]{subsection.5.5}{Real Approximates Ideal + Simulator: One-Time Pad}{section.5}% 20
\BOOKMARK [1][-]{section.6}{Oblivious Transfer: 1-Out-Of-2 Pre-Processing}{}% 21
\BOOKMARK [2][-]{subsection.6.1}{The Assumptions}{section.6}% 22
\BOOKMARK [2][-]{subsection.6.2}{The Ideal Functionality}{section.6}% 23
\BOOKMARK [2][-]{subsection.6.3}{The Real Protocol}{section.6}% 24
\BOOKMARK [2][-]{subsection.6.4}{Real = Ideal + Simulator}{section.6}% 25
\BOOKMARK [2][-]{subsection.6.5}{The Simulator}{section.6}% 26
\BOOKMARK [1][-]{section.7}{Multi-Party Coin Toss}{}% 27
\BOOKMARK [2][-]{subsection.7.1}{The Assumptions}{section.7}% 28
\BOOKMARK [2][-]{subsection.7.2}{The Ideal Protocol}{section.7}% 29
\BOOKMARK [2][-]{subsection.7.3}{The Real Protocol}{section.7}% 30
\BOOKMARK [2][-]{subsection.7.4}{The Simulator}{section.7}% 31
\BOOKMARK [2][-]{subsection.7.5}{Real = Ideal + Simulator}{section.7}% 32
\BOOKMARK [1][-]{section.8}{Two-Party GMW Protocol}{}% 33
\BOOKMARK [2][-]{subsection.8.1}{The Assumptions}{section.8}% 34
\BOOKMARK [2][-]{subsection.8.2}{The Ideal Protocol}{section.8}% 35
\BOOKMARK [2][-]{subsection.8.3}{The Real Protocol}{section.8}% 36
\BOOKMARK [3][-]{subsubsection.8.3.1}{Alice: The Initial Phase}{subsection.8.3}% 37
\BOOKMARK [3][-]{subsubsection.8.3.2}{Bob: The Initial Phase}{subsection.8.3}% 38
\BOOKMARK [3][-]{subsubsection.8.3.3}{Alice: The Inductive Phase}{subsection.8.3}% 39
\BOOKMARK [3][-]{subsubsection.8.3.4}{Bob: The Inductive Phase}{subsection.8.3}% 40
\BOOKMARK [3][-]{subsubsection.8.3.5}{Alice: The Final Phase}{subsection.8.3}% 41
\BOOKMARK [3][-]{subsubsection.8.3.6}{Bob: The Final Phase}{subsection.8.3}% 42
\BOOKMARK [3][-]{subsubsection.8.3.7}{1-Out-Of-4 Oblivious Transfer Functionality}{subsection.8.3}% 43
\BOOKMARK [3][-]{subsubsection.8.3.8}{The Real Protocol}{subsection.8.3}% 44
\BOOKMARK [2][-]{subsection.8.4}{Real = Ideal + Simulator}{section.8}% 45
\BOOKMARK [3][-]{subsubsection.8.4.1}{Simplifying The Real Protocol: The Initial Phase}{subsection.8.4}% 46
\BOOKMARK [3][-]{subsubsection.8.4.2}{Simplifying The Real Protocol: The Inductive Stage}{subsection.8.4}% 47
\BOOKMARK [3][-]{subsubsection.8.4.3}{Simplifying The Real Protocol: The Final Stage}{subsection.8.4}% 48
\BOOKMARK [3][-]{subsubsection.8.4.4}{The Timing of Shares}{subsection.8.4}% 49
\BOOKMARK [3][-]{subsubsection.8.4.5}{The Sum Of Shares}{subsection.8.4}% 50
\BOOKMARK [2][-]{subsection.8.5}{The Simulator}{section.8}% 51
\BOOKMARK [3][-]{subsubsection.8.5.1}{The Simulator: The Initial Phase}{subsection.8.5}% 52
\BOOKMARK [3][-]{subsubsection.8.5.2}{The Simulator: The Inductive Phase}{subsection.8.5}% 53
\BOOKMARK [3][-]{subsubsection.8.5.3}{The Simulator: The Final Phase}{subsection.8.5}% 54
